<html>
<head>
<title>TestNG:  Test</title>
<link href="../testng.css" rel="stylesheet" type="text/css" />
<link href="../my-testng.css" rel="stylesheet" type="text/css" />

<style type="text/css">
.log { display: none;} 
.stack-trace { display: none;} 
</style>
<script type="text/javascript">
<!--
function flip(e) {
  current = e.style.display;
  if (current == 'block') {
    e.style.display = 'none';
    return 0;
  }
  else {
    e.style.display = 'block';
    return 1;
  }
}

function toggleBox(szDivId, elem, msg1, msg2)
{
  var res = -1;  if (document.getElementById) {
    res = flip(document.getElementById(szDivId));
  }
  else if (document.all) {
    // this is the way old msie versions work
    res = flip(document.all[szDivId]);
  }
  if(elem) {
    if(res == 0) elem.innerHTML = msg1; else elem.innerHTML = msg2;
  }

}

function toggleAllBoxes() {
  if (document.getElementsByTagName) {
    d = document.getElementsByTagName('div');
    for (i = 0; i < d.length; i++) {
      if (d[i].className == 'log') {
        flip(d[i]);
      }
    }
  }
}

// -->
</script>

</head>
<body>
<h2 align='center'>Test</h2><table border='1' align="center">
<tr>
<td>Tests passed/Failed/Skipped:</td><td>0/0/1</td>
</tr><tr>
<td>Started on:</td><td>Sun Aug 21 21:08:43 WIB 2022</td>
</tr>
<tr><td>Total time:</td><td>47 seconds (47574 ms)</td>
</tr><tr>
<td>Included groups:</td><td></td>
</tr><tr>
<td>Excluded groups:</td><td></td>
</tr>
</table><p/>
<small><i>(Hover the method name to see the test class name)</i></small><p/>
<table width='100%' border='1' class='invocation-failed'>
<tr><td colspan='4' align='center'><b>FAILED CONFIGURATIONS</b></td></tr>
<tr><td><b>Test method</b></td>
<td width="30%"><b>Exception</b></td>
<td width="10%"><b>Time (seconds)</b></td>
<td><b>Instance</b></td>
</tr>
<tr>
<td title='example.NewTest.beforeTest()'><b>beforeTest</b><br>Test class: example.NewTest</td>
<td><div><pre>org.openqa.selenium.WebDriverException: Failed to connect to binary FirefoxBinary(C:\Program Files\Mozilla Firefox\firefox.exe) on port 7055; process output follows: 
6	addons.xpi	DEBUG	Calling bootstrap method startup on firefox@getpocket.com version 1.0
1661090925604	addons.xpi-utils	DEBUG	Starting async load of XPI database C:\Users\DHEALT~1\AppData\Local\Temp\anonymous889190335695986634webdriver-profile\extensions.json
1661090925604	addons.xpi	DEBUG	Registering manifest for C:\Program Files\Mozilla Firefox\browser\features\loop@mozilla.org.xpi
1661090925605	addons.xpi	DEBUG	Loading bootstrap scope from C:\Program Files\Mozilla Firefox\browser\features\loop@mozilla.org.xpi
1661090925610	addons.xpi	DEBUG	Calling bootstrap method startup on loop@mozilla.org version 1.2.6
1661090925627	addons.manager	DEBUG	Registering shutdown blocker for XPIProvider
1661090925627	addons.manager	DEBUG	Provider finished startup: XPIProvider
1661090925627	addons.manager	DEBUG	Starting provider: LightweightThemeManager
1661090925627	addons.manager	DEBUG	Registering shutdown blocker for LightweightThemeManager
1661090925627	addons.manager	DEBUG	Provider finished startup: LightweightThemeManager
1661090925627	addons.manager	DEBUG	Starting provider: GMPProvider
1661090925632	addons.manager	DEBUG	Registering shutdown blocker for GMPProvider
1661090925632	addons.manager	DEBUG	Provider finished startup: GMPProvider
1661090925632	addons.manager	DEBUG	Starting provider: PluginProvider
1661090925632	addons.manager	DEBUG	Registering shutdown blocker for PluginProvider
1661090925632	addons.manager	DEBUG	Provider finished startup: PluginProvider
1661090925633	addons.manager	DEBUG	Completed startup sequence
[GFX1]: Potential driver version mismatch ignored due to missing DLLs
1661090925889	addons.xpi-utils	DEBUG	Async JSON file read took 0 MS
1661090925889	addons.xpi-utils	DEBUG	Finished async read of XPI database, parsing...
1661090925890	addons.xpi-utils	DEBUG	Successfully read XPI database
1661090925899	addons.manager	DEBUG	Starting provider: &lt;unnamed-provider&gt;
1661090925899	addons.manager	DEBUG	Registering shutdown blocker for &lt;unnamed-provider&gt;
1661090925899	addons.manager	DEBUG	Provider finished startup: &lt;unnamed-provider&gt;
*** Blocklist::_loadBlocklistFromFile: blocklist is disabled
1661090925982	addons.manager	DEBUG	Starting provider: PreviousExperimentProvider
1661090925982	addons.manager	DEBUG	Registering shutdown blocker for PreviousExperimentProvider
1661090925982	addons.manager	DEBUG	Provider finished startup: PreviousExperimentProvider
JavaScript error: https://static-media-prod-cdn.itsre-sumo.mozilla.net/static/jsi18n/en-us/djangojs-min.js, line 1: SyntaxError: missing = in const declaration
JavaScript warning: https://static-media-prod-cdn.itsre-sumo.mozilla.net/static/474.767bb9829e871c1f.js, line 2: mutating the [[Prototype]] of an object will cause your code to run very slowly; instead create the object with the correct initial [[Prototype]] value using Object.create
JavaScript error: https://static-media-prod-cdn.itsre-sumo.mozilla.net/static/common.0a3beb1cf5e4d965.js, line 1: TypeError: t.forEach is not a function
JavaScript error: https://static-media-prod-cdn.itsre-sumo.mozilla.net/static/common.0a3beb1cf5e4d965.js, line 1: TypeError: o.forEach is not a function
JavaScript error: https://static-media-prod-cdn.itsre-sumo.mozilla.net/static/common.0a3beb1cf5e4d965.js, line 1: TypeError: n.forEach is not a function
JavaScript error: https://static-media-prod-cdn.itsre-sumo.mozilla.net/static/common.0a3beb1cf5e4d965.js, line 1: TypeError: e.forEach is not a function
JavaScript error: https://static-media-prod-cdn.itsre-sumo.mozilla.net/static/common.0a3beb1cf5e4d965.js, line 1: TypeError: document.querySelectorAll(...).forEach is not a function
JavaScript warning: https://www.youtube.com/s/player/009f1d77/www-embed-player.vflset/www-embed-player.js, line 29: mutating the [[Prototype]] of an object will cause your code to run very slowly; instead create the object with the correct initial [[Prototype]] value using Object.create
JavaScript error: https://static-media-prod-cdn.itsre-sumo.mozilla.net/static/697.8c0417e8bbc4b10c.js, line 1: TypeError: i is undefined

Build info: version: &apos;2.45.0&apos;, revision: &apos;5017cb8e7ca8e37638dc3091b2440b90a1d8686f&apos;, time: &apos;2015-02-27 09:10:26&apos;
System info: host: &apos;DESKTOP-623D8HK&apos;, ip: &apos;10.128.3.223&apos;, os.name: &apos;Windows 10&apos;, os.arch: &apos;amd64&apos;, os.version: &apos;10.0&apos;, java.version: &apos;17.0.4.1&apos;
Driver info: driver.version: FirefoxDriver
	at org.openqa.selenium.firefox.internal.NewProfileExtensionConnection.start(NewProfileExtensionConnection.java:130)
	at org.openqa.selenium.firefox.FirefoxDriver.startClient(FirefoxDriver.java:246)
	at org.openqa.selenium.remote.RemoteWebDriver.&lt;init&gt;(RemoteWebDriver.java:114)
	at org.openqa.selenium.firefox.FirefoxDriver.&lt;init&gt;(FirefoxDriver.java:191)
	at org.openqa.selenium.firefox.FirefoxDriver.&lt;init&gt;(FirefoxDriver.java:186)
	at org.openqa.selenium.firefox.FirefoxDriver.&lt;init&gt;(FirefoxDriver.java:182)
	at org.openqa.selenium.firefox.FirefoxDriver.&lt;init&gt;(FirefoxDriver.java:95)
	at example.NewTest.beforeTest(NewTest.java:21)
Caused by: org.openqa.selenium.firefox.NotConnectedException: Unable to connect to host 127.0.0.1 on port 7055 after 45000 ms. Firefox console output:
6	addons.xpi	DEBUG	Calling bootstrap method startup on firefox@getpocket.com version 1.0
1661090925604	addons.xpi-utils	DEBUG	Starting async load of XPI database C:\Users\DHEALT~1\AppData\Local\Temp\anonymous889190335695986634webdriver-profile\extensions.json
1661090925604	addons.xpi	DEBUG	Registering manifest for C:\Program Files\Mozilla Firefox\browser\features\loop@mozilla.org.xpi
1661090925605	addons.xpi	DEBUG	Loading bootstrap scope from C:\Program Files\Mozilla Firefox\browser\features\loop@mozilla.org.xpi
1661090925610	addons.xpi	DEBUG	Calling bootstrap method startup on loop@mozilla.org version 1.2.6
1661090925627	addons.manager	DEBUG	Registering shutdown blocker for XPIProvider
1661090925627	addons.manager	DEBUG	Provider finished startup: XPIProvider
1661090925627	addons.manager	DEBUG	Starting provider: LightweightThemeManager
1661090925627	addons.manager	DEBUG	Registering shutdown blocker for LightweightThemeManager
1661090925627	addons.manager	DEBUG	Provider finished startup: LightweightThemeManager
1661090925627	addons.manager	DEBUG	Starting provider: GMPProvider
1661090925632	addons.manager	DEBUG	Registering shutdown blocker for GMPProvider
1661090925632	addons.manager	DEBUG	Provider finished startup: GMPProvider
1661090925632	addons.manager	DEBUG	Starting provider: PluginProvider
1661090925632	addons.manager	DEBUG	Registering shutdown blocker for PluginProvider
1661090925632	addons.manager	DEBUG	Provider finished startup: PluginProvider
1661090925633	addons.manager	DEBUG	Completed startup sequence
[GFX1]: Potential driver version mismatch ignored due to missing DLLs
1661090925889	addons.xpi-utils	DEBUG	Async JSON file read took 0 MS
1661090925889	addons.xpi-utils	DEBUG	Finished async read of XPI database, parsing...
1661090925890	addons.xpi-utils	DEBUG	Successfully read XPI database
1661090925899	addons.manager	DEBUG	Starting provider: &lt;unnamed-provider&gt;
1661090925899	addons.manager	DEBUG	Registering shutdown blocker for &lt;unnamed-provider&gt;
1661090925899	addons.manager	DEBUG	Provider finished startup: &lt;unnamed-provider&gt;
*** Blocklist::_loadBlocklistFromFile: blocklist is disabled
1661090925982	addons.manager	DEBUG	Starting provider: PreviousExperimentProvider
1661090925982	addons.manager	DEBUG	Registering shutdown blocker for PreviousExperimentProvider
1661090925982	addons.manager	DEBUG	Provider finished startup: PreviousExperimentProvider
JavaScript error: https://static-media-prod-cdn.itsre-sumo.mozilla.net/static/jsi18n/en-us/djangojs-min.js, line 1: SyntaxError: missing = in const declaration
JavaScript warning: https://static-media-prod-cdn.itsre-sumo.mozilla.net/static/474.767bb9829e871c1f.js, line 2: mutating the [[Prototype]] of an object will cause your code to run very slowly; instead create the object with the correct initial [[Prototype]] value using Object.create
JavaScript error: https://static-media-prod-cdn.itsre-sumo.mozilla.net/static/common.0a3beb1cf5e4d965.js, line 1: TypeError: t.forEach is not a function
JavaScript error: https://static-media-prod-cdn.itsre-sumo.mozilla.net/static/common.0a3beb1cf5e4d965.js, line 1: TypeError: o.forEach is not a function
JavaScript error: https://static-media-prod-cdn.itsre-sumo.mozilla.net/static/common.0a3beb1cf5e4d965.js, line 1: TypeError: n.forEach is not a function
JavaScript error: https://static-media-prod-cdn.itsre-sumo.mozilla.net/static/common.0a3beb1cf5e4d965.js, line 1: TypeError: e.forEach is not a function
JavaScript error: https://static-media-prod-cdn.itsre-sumo.mozilla.net/static/common.0a3beb1cf5e4d965.js, line 1: TypeError: document.querySelectorAll(...).forEach is not a function
JavaScript warning: https://www.youtube.com/s/player/009f1d77/www-embed-player.vflset/www-embed-player.js, line 29: mutating the [[Prototype]] of an object will cause your code to run very slowly; instead create the object with the correct initial [[Prototype]] value using Object.create
JavaScript error: https://static-media-prod-cdn.itsre-sumo.mozilla.net/static/697.8c0417e8bbc4b10c.js, line 1: TypeError: i is undefined

	at org.openqa.selenium.firefox.internal.NewProfileExtensionConnection.start(NewProfileExtensionConnection.java:118)
	... 31 more
... Removed 24 stack frames</pre></div><a href='#' onClick='toggleBox("stack-trace1444635922", this, "Click to show all stack frames", "Click to hide stack frames")'>Click to show all stack frames</a>
<div class='stack-trace' id='stack-trace1444635922'><pre>org.openqa.selenium.WebDriverException: Failed to connect to binary FirefoxBinary(C:\Program Files\Mozilla Firefox\firefox.exe) on port 7055; process output follows: 
6	addons.xpi	DEBUG	Calling bootstrap method startup on firefox@getpocket.com version 1.0
1661090925604	addons.xpi-utils	DEBUG	Starting async load of XPI database C:\Users\DHEALT~1\AppData\Local\Temp\anonymous889190335695986634webdriver-profile\extensions.json
1661090925604	addons.xpi	DEBUG	Registering manifest for C:\Program Files\Mozilla Firefox\browser\features\loop@mozilla.org.xpi
1661090925605	addons.xpi	DEBUG	Loading bootstrap scope from C:\Program Files\Mozilla Firefox\browser\features\loop@mozilla.org.xpi
1661090925610	addons.xpi	DEBUG	Calling bootstrap method startup on loop@mozilla.org version 1.2.6
1661090925627	addons.manager	DEBUG	Registering shutdown blocker for XPIProvider
1661090925627	addons.manager	DEBUG	Provider finished startup: XPIProvider
1661090925627	addons.manager	DEBUG	Starting provider: LightweightThemeManager
1661090925627	addons.manager	DEBUG	Registering shutdown blocker for LightweightThemeManager
1661090925627	addons.manager	DEBUG	Provider finished startup: LightweightThemeManager
1661090925627	addons.manager	DEBUG	Starting provider: GMPProvider
1661090925632	addons.manager	DEBUG	Registering shutdown blocker for GMPProvider
1661090925632	addons.manager	DEBUG	Provider finished startup: GMPProvider
1661090925632	addons.manager	DEBUG	Starting provider: PluginProvider
1661090925632	addons.manager	DEBUG	Registering shutdown blocker for PluginProvider
1661090925632	addons.manager	DEBUG	Provider finished startup: PluginProvider
1661090925633	addons.manager	DEBUG	Completed startup sequence
[GFX1]: Potential driver version mismatch ignored due to missing DLLs
1661090925889	addons.xpi-utils	DEBUG	Async JSON file read took 0 MS
1661090925889	addons.xpi-utils	DEBUG	Finished async read of XPI database, parsing...
1661090925890	addons.xpi-utils	DEBUG	Successfully read XPI database
1661090925899	addons.manager	DEBUG	Starting provider: &lt;unnamed-provider&gt;
1661090925899	addons.manager	DEBUG	Registering shutdown blocker for &lt;unnamed-provider&gt;
1661090925899	addons.manager	DEBUG	Provider finished startup: &lt;unnamed-provider&gt;
*** Blocklist::_loadBlocklistFromFile: blocklist is disabled
1661090925982	addons.manager	DEBUG	Starting provider: PreviousExperimentProvider
1661090925982	addons.manager	DEBUG	Registering shutdown blocker for PreviousExperimentProvider
1661090925982	addons.manager	DEBUG	Provider finished startup: PreviousExperimentProvider
JavaScript error: https://static-media-prod-cdn.itsre-sumo.mozilla.net/static/jsi18n/en-us/djangojs-min.js, line 1: SyntaxError: missing = in const declaration
JavaScript warning: https://static-media-prod-cdn.itsre-sumo.mozilla.net/static/474.767bb9829e871c1f.js, line 2: mutating the [[Prototype]] of an object will cause your code to run very slowly; instead create the object with the correct initial [[Prototype]] value using Object.create
JavaScript error: https://static-media-prod-cdn.itsre-sumo.mozilla.net/static/common.0a3beb1cf5e4d965.js, line 1: TypeError: t.forEach is not a function
JavaScript error: https://static-media-prod-cdn.itsre-sumo.mozilla.net/static/common.0a3beb1cf5e4d965.js, line 1: TypeError: o.forEach is not a function
JavaScript error: https://static-media-prod-cdn.itsre-sumo.mozilla.net/static/common.0a3beb1cf5e4d965.js, line 1: TypeError: n.forEach is not a function
JavaScript error: https://static-media-prod-cdn.itsre-sumo.mozilla.net/static/common.0a3beb1cf5e4d965.js, line 1: TypeError: e.forEach is not a function
JavaScript error: https://static-media-prod-cdn.itsre-sumo.mozilla.net/static/common.0a3beb1cf5e4d965.js, line 1: TypeError: document.querySelectorAll(...).forEach is not a function
JavaScript warning: https://www.youtube.com/s/player/009f1d77/www-embed-player.vflset/www-embed-player.js, line 29: mutating the [[Prototype]] of an object will cause your code to run very slowly; instead create the object with the correct initial [[Prototype]] value using Object.create
JavaScript error: https://static-media-prod-cdn.itsre-sumo.mozilla.net/static/697.8c0417e8bbc4b10c.js, line 1: TypeError: i is undefined

Build info: version: &apos;2.45.0&apos;, revision: &apos;5017cb8e7ca8e37638dc3091b2440b90a1d8686f&apos;, time: &apos;2015-02-27 09:10:26&apos;
System info: host: &apos;DESKTOP-623D8HK&apos;, ip: &apos;10.128.3.223&apos;, os.name: &apos;Windows 10&apos;, os.arch: &apos;amd64&apos;, os.version: &apos;10.0&apos;, java.version: &apos;17.0.4.1&apos;
Driver info: driver.version: FirefoxDriver
	at org.openqa.selenium.firefox.internal.NewProfileExtensionConnection.start(NewProfileExtensionConnection.java:130)
	at org.openqa.selenium.firefox.FirefoxDriver.startClient(FirefoxDriver.java:246)
	at org.openqa.selenium.remote.RemoteWebDriver.&lt;init&gt;(RemoteWebDriver.java:114)
	at org.openqa.selenium.firefox.FirefoxDriver.&lt;init&gt;(FirefoxDriver.java:191)
	at org.openqa.selenium.firefox.FirefoxDriver.&lt;init&gt;(FirefoxDriver.java:186)
	at org.openqa.selenium.firefox.FirefoxDriver.&lt;init&gt;(FirefoxDriver.java:182)
	at org.openqa.selenium.firefox.FirefoxDriver.&lt;init&gt;(FirefoxDriver.java:95)
	at example.NewTest.beforeTest(NewTest.java:21)
	at java.base/jdk.internal.reflect.NativeMethodAccessorImpl.invoke0(Native Method)
	at java.base/jdk.internal.reflect.NativeMethodAccessorImpl.invoke(NativeMethodAccessorImpl.java:77)
	at java.base/jdk.internal.reflect.DelegatingMethodAccessorImpl.invoke(DelegatingMethodAccessorImpl.java:43)
	at java.base/java.lang.reflect.Method.invoke(Method.java:568)
	at org.testng.internal.MethodInvocationHelper.invokeMethod(MethodInvocationHelper.java:133)
	at org.testng.internal.MethodInvocationHelper.invokeMethodConsideringTimeout(MethodInvocationHelper.java:62)
	at org.testng.internal.ConfigInvoker.invokeConfigurationMethod(ConfigInvoker.java:385)
	at org.testng.internal.ConfigInvoker.invokeConfigurations(ConfigInvoker.java:321)
	at org.testng.TestRunner.invokeTestConfigurations(TestRunner.java:637)
	at org.testng.TestRunner.beforeRun(TestRunner.java:627)
	at org.testng.TestRunner.run(TestRunner.java:589)
	at org.testng.SuiteRunner.runTest(SuiteRunner.java:377)
	at org.testng.SuiteRunner.runSequentially(SuiteRunner.java:371)
	at org.testng.SuiteRunner.privateRun(SuiteRunner.java:332)
	at org.testng.SuiteRunner.run(SuiteRunner.java:276)
	at org.testng.SuiteRunnerWorker.runSuite(SuiteRunnerWorker.java:53)
	at org.testng.SuiteRunnerWorker.run(SuiteRunnerWorker.java:96)
	at org.testng.TestNG.runSuitesSequentially(TestNG.java:1212)
	at org.testng.TestNG.runSuitesLocally(TestNG.java:1134)
	at org.testng.TestNG.runSuites(TestNG.java:1063)
	at org.testng.TestNG.run(TestNG.java:1031)
	at org.testng.remote.AbstractRemoteTestNG.run(AbstractRemoteTestNG.java:115)
	at org.testng.remote.RemoteTestNG.initAndRun(RemoteTestNG.java:251)
	at org.testng.remote.RemoteTestNG.main(RemoteTestNG.java:77)
Caused by: org.openqa.selenium.firefox.NotConnectedException: Unable to connect to host 127.0.0.1 on port 7055 after 45000 ms. Firefox console output:
6	addons.xpi	DEBUG	Calling bootstrap method startup on firefox@getpocket.com version 1.0
1661090925604	addons.xpi-utils	DEBUG	Starting async load of XPI database C:\Users\DHEALT~1\AppData\Local\Temp\anonymous889190335695986634webdriver-profile\extensions.json
1661090925604	addons.xpi	DEBUG	Registering manifest for C:\Program Files\Mozilla Firefox\browser\features\loop@mozilla.org.xpi
1661090925605	addons.xpi	DEBUG	Loading bootstrap scope from C:\Program Files\Mozilla Firefox\browser\features\loop@mozilla.org.xpi
1661090925610	addons.xpi	DEBUG	Calling bootstrap method startup on loop@mozilla.org version 1.2.6
1661090925627	addons.manager	DEBUG	Registering shutdown blocker for XPIProvider
1661090925627	addons.manager	DEBUG	Provider finished startup: XPIProvider
1661090925627	addons.manager	DEBUG	Starting provider: LightweightThemeManager
1661090925627	addons.manager	DEBUG	Registering shutdown blocker for LightweightThemeManager
1661090925627	addons.manager	DEBUG	Provider finished startup: LightweightThemeManager
1661090925627	addons.manager	DEBUG	Starting provider: GMPProvider
1661090925632	addons.manager	DEBUG	Registering shutdown blocker for GMPProvider
1661090925632	addons.manager	DEBUG	Provider finished startup: GMPProvider
1661090925632	addons.manager	DEBUG	Starting provider: PluginProvider
1661090925632	addons.manager	DEBUG	Registering shutdown blocker for PluginProvider
1661090925632	addons.manager	DEBUG	Provider finished startup: PluginProvider
1661090925633	addons.manager	DEBUG	Completed startup sequence
[GFX1]: Potential driver version mismatch ignored due to missing DLLs
1661090925889	addons.xpi-utils	DEBUG	Async JSON file read took 0 MS
1661090925889	addons.xpi-utils	DEBUG	Finished async read of XPI database, parsing...
1661090925890	addons.xpi-utils	DEBUG	Successfully read XPI database
1661090925899	addons.manager	DEBUG	Starting provider: &lt;unnamed-provider&gt;
1661090925899	addons.manager	DEBUG	Registering shutdown blocker for &lt;unnamed-provider&gt;
1661090925899	addons.manager	DEBUG	Provider finished startup: &lt;unnamed-provider&gt;
*** Blocklist::_loadBlocklistFromFile: blocklist is disabled
1661090925982	addons.manager	DEBUG	Starting provider: PreviousExperimentProvider
1661090925982	addons.manager	DEBUG	Registering shutdown blocker for PreviousExperimentProvider
1661090925982	addons.manager	DEBUG	Provider finished startup: PreviousExperimentProvider
JavaScript error: https://static-media-prod-cdn.itsre-sumo.mozilla.net/static/jsi18n/en-us/djangojs-min.js, line 1: SyntaxError: missing = in const declaration
JavaScript warning: https://static-media-prod-cdn.itsre-sumo.mozilla.net/static/474.767bb9829e871c1f.js, line 2: mutating the [[Prototype]] of an object will cause your code to run very slowly; instead create the object with the correct initial [[Prototype]] value using Object.create
JavaScript error: https://static-media-prod-cdn.itsre-sumo.mozilla.net/static/common.0a3beb1cf5e4d965.js, line 1: TypeError: t.forEach is not a function
JavaScript error: https://static-media-prod-cdn.itsre-sumo.mozilla.net/static/common.0a3beb1cf5e4d965.js, line 1: TypeError: o.forEach is not a function
JavaScript error: https://static-media-prod-cdn.itsre-sumo.mozilla.net/static/common.0a3beb1cf5e4d965.js, line 1: TypeError: n.forEach is not a function
JavaScript error: https://static-media-prod-cdn.itsre-sumo.mozilla.net/static/common.0a3beb1cf5e4d965.js, line 1: TypeError: e.forEach is not a function
JavaScript error: https://static-media-prod-cdn.itsre-sumo.mozilla.net/static/common.0a3beb1cf5e4d965.js, line 1: TypeError: document.querySelectorAll(...).forEach is not a function
JavaScript warning: https://www.youtube.com/s/player/009f1d77/www-embed-player.vflset/www-embed-player.js, line 29: mutating the [[Prototype]] of an object will cause your code to run very slowly; instead create the object with the correct initial [[Prototype]] value using Object.create
JavaScript error: https://static-media-prod-cdn.itsre-sumo.mozilla.net/static/697.8c0417e8bbc4b10c.js, line 1: TypeError: i is undefined

	at org.openqa.selenium.firefox.internal.NewProfileExtensionConnection.start(NewProfileExtensionConnection.java:118)
	... 31 more
</pre></div></td>
<td>47</td>
<td>example.NewTest@6150c3ec</td></tr>
</table><p>
<table width='100%' border='1' class='invocation-skipped'>
<tr><td colspan='4' align='center'><b>SKIPPED CONFIGURATIONS</b></td></tr>
<tr><td><b>Test method</b></td>
<td width="30%"><b>Exception</b></td>
<td width="10%"><b>Time (seconds)</b></td>
<td><b>Instance</b></td>
</tr>
<tr>
<td title='example.NewTest.afterTest()'><b>afterTest</b><br>Test class: example.NewTest</td>
<td></td>
<td>-1661090970</td>
<td>example.NewTest@6150c3ec</td></tr>
</table><p>
<table width='100%' border='1' class='invocation-skipped'>
<tr><td colspan='4' align='center'><b>SKIPPED TESTS</b></td></tr>
<tr><td><b>Test method</b></td>
<td width="30%"><b>Exception</b></td>
<td width="10%"><b>Time (seconds)</b></td>
<td><b>Instance</b></td>
</tr>
<tr>
<td title='example.NewTest.testEasy()'><b>testEasy</b><br>Test class: example.NewTest</td>
<td><div><pre>org.openqa.selenium.WebDriverException: Failed to connect to binary FirefoxBinary(C:\Program Files\Mozilla Firefox\firefox.exe) on port 7055; process output follows: 
6	addons.xpi	DEBUG	Calling bootstrap method startup on firefox@getpocket.com version 1.0
1661090925604	addons.xpi-utils	DEBUG	Starting async load of XPI database C:\Users\DHEALT~1\AppData\Local\Temp\anonymous889190335695986634webdriver-profile\extensions.json
1661090925604	addons.xpi	DEBUG	Registering manifest for C:\Program Files\Mozilla Firefox\browser\features\loop@mozilla.org.xpi
1661090925605	addons.xpi	DEBUG	Loading bootstrap scope from C:\Program Files\Mozilla Firefox\browser\features\loop@mozilla.org.xpi
1661090925610	addons.xpi	DEBUG	Calling bootstrap method startup on loop@mozilla.org version 1.2.6
1661090925627	addons.manager	DEBUG	Registering shutdown blocker for XPIProvider
1661090925627	addons.manager	DEBUG	Provider finished startup: XPIProvider
1661090925627	addons.manager	DEBUG	Starting provider: LightweightThemeManager
1661090925627	addons.manager	DEBUG	Registering shutdown blocker for LightweightThemeManager
1661090925627	addons.manager	DEBUG	Provider finished startup: LightweightThemeManager
1661090925627	addons.manager	DEBUG	Starting provider: GMPProvider
1661090925632	addons.manager	DEBUG	Registering shutdown blocker for GMPProvider
1661090925632	addons.manager	DEBUG	Provider finished startup: GMPProvider
1661090925632	addons.manager	DEBUG	Starting provider: PluginProvider
1661090925632	addons.manager	DEBUG	Registering shutdown blocker for PluginProvider
1661090925632	addons.manager	DEBUG	Provider finished startup: PluginProvider
1661090925633	addons.manager	DEBUG	Completed startup sequence
[GFX1]: Potential driver version mismatch ignored due to missing DLLs
1661090925889	addons.xpi-utils	DEBUG	Async JSON file read took 0 MS
1661090925889	addons.xpi-utils	DEBUG	Finished async read of XPI database, parsing...
1661090925890	addons.xpi-utils	DEBUG	Successfully read XPI database
1661090925899	addons.manager	DEBUG	Starting provider: &lt;unnamed-provider&gt;
1661090925899	addons.manager	DEBUG	Registering shutdown blocker for &lt;unnamed-provider&gt;
1661090925899	addons.manager	DEBUG	Provider finished startup: &lt;unnamed-provider&gt;
*** Blocklist::_loadBlocklistFromFile: blocklist is disabled
1661090925982	addons.manager	DEBUG	Starting provider: PreviousExperimentProvider
1661090925982	addons.manager	DEBUG	Registering shutdown blocker for PreviousExperimentProvider
1661090925982	addons.manager	DEBUG	Provider finished startup: PreviousExperimentProvider
JavaScript error: https://static-media-prod-cdn.itsre-sumo.mozilla.net/static/jsi18n/en-us/djangojs-min.js, line 1: SyntaxError: missing = in const declaration
JavaScript warning: https://static-media-prod-cdn.itsre-sumo.mozilla.net/static/474.767bb9829e871c1f.js, line 2: mutating the [[Prototype]] of an object will cause your code to run very slowly; instead create the object with the correct initial [[Prototype]] value using Object.create
JavaScript error: https://static-media-prod-cdn.itsre-sumo.mozilla.net/static/common.0a3beb1cf5e4d965.js, line 1: TypeError: t.forEach is not a function
JavaScript error: https://static-media-prod-cdn.itsre-sumo.mozilla.net/static/common.0a3beb1cf5e4d965.js, line 1: TypeError: o.forEach is not a function
JavaScript error: https://static-media-prod-cdn.itsre-sumo.mozilla.net/static/common.0a3beb1cf5e4d965.js, line 1: TypeError: n.forEach is not a function
JavaScript error: https://static-media-prod-cdn.itsre-sumo.mozilla.net/static/common.0a3beb1cf5e4d965.js, line 1: TypeError: e.forEach is not a function
JavaScript error: https://static-media-prod-cdn.itsre-sumo.mozilla.net/static/common.0a3beb1cf5e4d965.js, line 1: TypeError: document.querySelectorAll(...).forEach is not a function
JavaScript warning: https://www.youtube.com/s/player/009f1d77/www-embed-player.vflset/www-embed-player.js, line 29: mutating the [[Prototype]] of an object will cause your code to run very slowly; instead create the object with the correct initial [[Prototype]] value using Object.create
JavaScript error: https://static-media-prod-cdn.itsre-sumo.mozilla.net/static/697.8c0417e8bbc4b10c.js, line 1: TypeError: i is undefined

Build info: version: &apos;2.45.0&apos;, revision: &apos;5017cb8e7ca8e37638dc3091b2440b90a1d8686f&apos;, time: &apos;2015-02-27 09:10:26&apos;
System info: host: &apos;DESKTOP-623D8HK&apos;, ip: &apos;10.128.3.223&apos;, os.name: &apos;Windows 10&apos;, os.arch: &apos;amd64&apos;, os.version: &apos;10.0&apos;, java.version: &apos;17.0.4.1&apos;
Driver info: driver.version: FirefoxDriver
	at org.openqa.selenium.firefox.internal.NewProfileExtensionConnection.start(NewProfileExtensionConnection.java:130)
	at org.openqa.selenium.firefox.FirefoxDriver.startClient(FirefoxDriver.java:246)
	at org.openqa.selenium.remote.RemoteWebDriver.&lt;init&gt;(RemoteWebDriver.java:114)
	at org.openqa.selenium.firefox.FirefoxDriver.&lt;init&gt;(FirefoxDriver.java:191)
	at org.openqa.selenium.firefox.FirefoxDriver.&lt;init&gt;(FirefoxDriver.java:186)
	at org.openqa.selenium.firefox.FirefoxDriver.&lt;init&gt;(FirefoxDriver.java:182)
	at org.openqa.selenium.firefox.FirefoxDriver.&lt;init&gt;(FirefoxDriver.java:95)
	at example.NewTest.beforeTest(NewTest.java:21)
Caused by: org.openqa.selenium.firefox.NotConnectedException: Unable to connect to host 127.0.0.1 on port 7055 after 45000 ms. Firefox console output:
6	addons.xpi	DEBUG	Calling bootstrap method startup on firefox@getpocket.com version 1.0
1661090925604	addons.xpi-utils	DEBUG	Starting async load of XPI database C:\Users\DHEALT~1\AppData\Local\Temp\anonymous889190335695986634webdriver-profile\extensions.json
1661090925604	addons.xpi	DEBUG	Registering manifest for C:\Program Files\Mozilla Firefox\browser\features\loop@mozilla.org.xpi
1661090925605	addons.xpi	DEBUG	Loading bootstrap scope from C:\Program Files\Mozilla Firefox\browser\features\loop@mozilla.org.xpi
1661090925610	addons.xpi	DEBUG	Calling bootstrap method startup on loop@mozilla.org version 1.2.6
1661090925627	addons.manager	DEBUG	Registering shutdown blocker for XPIProvider
1661090925627	addons.manager	DEBUG	Provider finished startup: XPIProvider
1661090925627	addons.manager	DEBUG	Starting provider: LightweightThemeManager
1661090925627	addons.manager	DEBUG	Registering shutdown blocker for LightweightThemeManager
1661090925627	addons.manager	DEBUG	Provider finished startup: LightweightThemeManager
1661090925627	addons.manager	DEBUG	Starting provider: GMPProvider
1661090925632	addons.manager	DEBUG	Registering shutdown blocker for GMPProvider
1661090925632	addons.manager	DEBUG	Provider finished startup: GMPProvider
1661090925632	addons.manager	DEBUG	Starting provider: PluginProvider
1661090925632	addons.manager	DEBUG	Registering shutdown blocker for PluginProvider
1661090925632	addons.manager	DEBUG	Provider finished startup: PluginProvider
1661090925633	addons.manager	DEBUG	Completed startup sequence
[GFX1]: Potential driver version mismatch ignored due to missing DLLs
1661090925889	addons.xpi-utils	DEBUG	Async JSON file read took 0 MS
1661090925889	addons.xpi-utils	DEBUG	Finished async read of XPI database, parsing...
1661090925890	addons.xpi-utils	DEBUG	Successfully read XPI database
1661090925899	addons.manager	DEBUG	Starting provider: &lt;unnamed-provider&gt;
1661090925899	addons.manager	DEBUG	Registering shutdown blocker for &lt;unnamed-provider&gt;
1661090925899	addons.manager	DEBUG	Provider finished startup: &lt;unnamed-provider&gt;
*** Blocklist::_loadBlocklistFromFile: blocklist is disabled
1661090925982	addons.manager	DEBUG	Starting provider: PreviousExperimentProvider
1661090925982	addons.manager	DEBUG	Registering shutdown blocker for PreviousExperimentProvider
1661090925982	addons.manager	DEBUG	Provider finished startup: PreviousExperimentProvider
JavaScript error: https://static-media-prod-cdn.itsre-sumo.mozilla.net/static/jsi18n/en-us/djangojs-min.js, line 1: SyntaxError: missing = in const declaration
JavaScript warning: https://static-media-prod-cdn.itsre-sumo.mozilla.net/static/474.767bb9829e871c1f.js, line 2: mutating the [[Prototype]] of an object will cause your code to run very slowly; instead create the object with the correct initial [[Prototype]] value using Object.create
JavaScript error: https://static-media-prod-cdn.itsre-sumo.mozilla.net/static/common.0a3beb1cf5e4d965.js, line 1: TypeError: t.forEach is not a function
JavaScript error: https://static-media-prod-cdn.itsre-sumo.mozilla.net/static/common.0a3beb1cf5e4d965.js, line 1: TypeError: o.forEach is not a function
JavaScript error: https://static-media-prod-cdn.itsre-sumo.mozilla.net/static/common.0a3beb1cf5e4d965.js, line 1: TypeError: n.forEach is not a function
JavaScript error: https://static-media-prod-cdn.itsre-sumo.mozilla.net/static/common.0a3beb1cf5e4d965.js, line 1: TypeError: e.forEach is not a function
JavaScript error: https://static-media-prod-cdn.itsre-sumo.mozilla.net/static/common.0a3beb1cf5e4d965.js, line 1: TypeError: document.querySelectorAll(...).forEach is not a function
JavaScript warning: https://www.youtube.com/s/player/009f1d77/www-embed-player.vflset/www-embed-player.js, line 29: mutating the [[Prototype]] of an object will cause your code to run very slowly; instead create the object with the correct initial [[Prototype]] value using Object.create
JavaScript error: https://static-media-prod-cdn.itsre-sumo.mozilla.net/static/697.8c0417e8bbc4b10c.js, line 1: TypeError: i is undefined

	at org.openqa.selenium.firefox.internal.NewProfileExtensionConnection.start(NewProfileExtensionConnection.java:118)
	... 31 more
... Removed 24 stack frames</pre></div><a href='#' onClick='toggleBox("stack-trace660595570", this, "Click to show all stack frames", "Click to hide stack frames")'>Click to show all stack frames</a>
<div class='stack-trace' id='stack-trace660595570'><pre>org.openqa.selenium.WebDriverException: Failed to connect to binary FirefoxBinary(C:\Program Files\Mozilla Firefox\firefox.exe) on port 7055; process output follows: 
6	addons.xpi	DEBUG	Calling bootstrap method startup on firefox@getpocket.com version 1.0
1661090925604	addons.xpi-utils	DEBUG	Starting async load of XPI database C:\Users\DHEALT~1\AppData\Local\Temp\anonymous889190335695986634webdriver-profile\extensions.json
1661090925604	addons.xpi	DEBUG	Registering manifest for C:\Program Files\Mozilla Firefox\browser\features\loop@mozilla.org.xpi
1661090925605	addons.xpi	DEBUG	Loading bootstrap scope from C:\Program Files\Mozilla Firefox\browser\features\loop@mozilla.org.xpi
1661090925610	addons.xpi	DEBUG	Calling bootstrap method startup on loop@mozilla.org version 1.2.6
1661090925627	addons.manager	DEBUG	Registering shutdown blocker for XPIProvider
1661090925627	addons.manager	DEBUG	Provider finished startup: XPIProvider
1661090925627	addons.manager	DEBUG	Starting provider: LightweightThemeManager
1661090925627	addons.manager	DEBUG	Registering shutdown blocker for LightweightThemeManager
1661090925627	addons.manager	DEBUG	Provider finished startup: LightweightThemeManager
1661090925627	addons.manager	DEBUG	Starting provider: GMPProvider
1661090925632	addons.manager	DEBUG	Registering shutdown blocker for GMPProvider
1661090925632	addons.manager	DEBUG	Provider finished startup: GMPProvider
1661090925632	addons.manager	DEBUG	Starting provider: PluginProvider
1661090925632	addons.manager	DEBUG	Registering shutdown blocker for PluginProvider
1661090925632	addons.manager	DEBUG	Provider finished startup: PluginProvider
1661090925633	addons.manager	DEBUG	Completed startup sequence
[GFX1]: Potential driver version mismatch ignored due to missing DLLs
1661090925889	addons.xpi-utils	DEBUG	Async JSON file read took 0 MS
1661090925889	addons.xpi-utils	DEBUG	Finished async read of XPI database, parsing...
1661090925890	addons.xpi-utils	DEBUG	Successfully read XPI database
1661090925899	addons.manager	DEBUG	Starting provider: &lt;unnamed-provider&gt;
1661090925899	addons.manager	DEBUG	Registering shutdown blocker for &lt;unnamed-provider&gt;
1661090925899	addons.manager	DEBUG	Provider finished startup: &lt;unnamed-provider&gt;
*** Blocklist::_loadBlocklistFromFile: blocklist is disabled
1661090925982	addons.manager	DEBUG	Starting provider: PreviousExperimentProvider
1661090925982	addons.manager	DEBUG	Registering shutdown blocker for PreviousExperimentProvider
1661090925982	addons.manager	DEBUG	Provider finished startup: PreviousExperimentProvider
JavaScript error: https://static-media-prod-cdn.itsre-sumo.mozilla.net/static/jsi18n/en-us/djangojs-min.js, line 1: SyntaxError: missing = in const declaration
JavaScript warning: https://static-media-prod-cdn.itsre-sumo.mozilla.net/static/474.767bb9829e871c1f.js, line 2: mutating the [[Prototype]] of an object will cause your code to run very slowly; instead create the object with the correct initial [[Prototype]] value using Object.create
JavaScript error: https://static-media-prod-cdn.itsre-sumo.mozilla.net/static/common.0a3beb1cf5e4d965.js, line 1: TypeError: t.forEach is not a function
JavaScript error: https://static-media-prod-cdn.itsre-sumo.mozilla.net/static/common.0a3beb1cf5e4d965.js, line 1: TypeError: o.forEach is not a function
JavaScript error: https://static-media-prod-cdn.itsre-sumo.mozilla.net/static/common.0a3beb1cf5e4d965.js, line 1: TypeError: n.forEach is not a function
JavaScript error: https://static-media-prod-cdn.itsre-sumo.mozilla.net/static/common.0a3beb1cf5e4d965.js, line 1: TypeError: e.forEach is not a function
JavaScript error: https://static-media-prod-cdn.itsre-sumo.mozilla.net/static/common.0a3beb1cf5e4d965.js, line 1: TypeError: document.querySelectorAll(...).forEach is not a function
JavaScript warning: https://www.youtube.com/s/player/009f1d77/www-embed-player.vflset/www-embed-player.js, line 29: mutating the [[Prototype]] of an object will cause your code to run very slowly; instead create the object with the correct initial [[Prototype]] value using Object.create
JavaScript error: https://static-media-prod-cdn.itsre-sumo.mozilla.net/static/697.8c0417e8bbc4b10c.js, line 1: TypeError: i is undefined

Build info: version: &apos;2.45.0&apos;, revision: &apos;5017cb8e7ca8e37638dc3091b2440b90a1d8686f&apos;, time: &apos;2015-02-27 09:10:26&apos;
System info: host: &apos;DESKTOP-623D8HK&apos;, ip: &apos;10.128.3.223&apos;, os.name: &apos;Windows 10&apos;, os.arch: &apos;amd64&apos;, os.version: &apos;10.0&apos;, java.version: &apos;17.0.4.1&apos;
Driver info: driver.version: FirefoxDriver
	at org.openqa.selenium.firefox.internal.NewProfileExtensionConnection.start(NewProfileExtensionConnection.java:130)
	at org.openqa.selenium.firefox.FirefoxDriver.startClient(FirefoxDriver.java:246)
	at org.openqa.selenium.remote.RemoteWebDriver.&lt;init&gt;(RemoteWebDriver.java:114)
	at org.openqa.selenium.firefox.FirefoxDriver.&lt;init&gt;(FirefoxDriver.java:191)
	at org.openqa.selenium.firefox.FirefoxDriver.&lt;init&gt;(FirefoxDriver.java:186)
	at org.openqa.selenium.firefox.FirefoxDriver.&lt;init&gt;(FirefoxDriver.java:182)
	at org.openqa.selenium.firefox.FirefoxDriver.&lt;init&gt;(FirefoxDriver.java:95)
	at example.NewTest.beforeTest(NewTest.java:21)
	at java.base/jdk.internal.reflect.NativeMethodAccessorImpl.invoke0(Native Method)
	at java.base/jdk.internal.reflect.NativeMethodAccessorImpl.invoke(NativeMethodAccessorImpl.java:77)
	at java.base/jdk.internal.reflect.DelegatingMethodAccessorImpl.invoke(DelegatingMethodAccessorImpl.java:43)
	at java.base/java.lang.reflect.Method.invoke(Method.java:568)
	at org.testng.internal.MethodInvocationHelper.invokeMethod(MethodInvocationHelper.java:133)
	at org.testng.internal.MethodInvocationHelper.invokeMethodConsideringTimeout(MethodInvocationHelper.java:62)
	at org.testng.internal.ConfigInvoker.invokeConfigurationMethod(ConfigInvoker.java:385)
	at org.testng.internal.ConfigInvoker.invokeConfigurations(ConfigInvoker.java:321)
	at org.testng.TestRunner.invokeTestConfigurations(TestRunner.java:637)
	at org.testng.TestRunner.beforeRun(TestRunner.java:627)
	at org.testng.TestRunner.run(TestRunner.java:589)
	at org.testng.SuiteRunner.runTest(SuiteRunner.java:377)
	at org.testng.SuiteRunner.runSequentially(SuiteRunner.java:371)
	at org.testng.SuiteRunner.privateRun(SuiteRunner.java:332)
	at org.testng.SuiteRunner.run(SuiteRunner.java:276)
	at org.testng.SuiteRunnerWorker.runSuite(SuiteRunnerWorker.java:53)
	at org.testng.SuiteRunnerWorker.run(SuiteRunnerWorker.java:96)
	at org.testng.TestNG.runSuitesSequentially(TestNG.java:1212)
	at org.testng.TestNG.runSuitesLocally(TestNG.java:1134)
	at org.testng.TestNG.runSuites(TestNG.java:1063)
	at org.testng.TestNG.run(TestNG.java:1031)
	at org.testng.remote.AbstractRemoteTestNG.run(AbstractRemoteTestNG.java:115)
	at org.testng.remote.RemoteTestNG.initAndRun(RemoteTestNG.java:251)
	at org.testng.remote.RemoteTestNG.main(RemoteTestNG.java:77)
Caused by: org.openqa.selenium.firefox.NotConnectedException: Unable to connect to host 127.0.0.1 on port 7055 after 45000 ms. Firefox console output:
6	addons.xpi	DEBUG	Calling bootstrap method startup on firefox@getpocket.com version 1.0
1661090925604	addons.xpi-utils	DEBUG	Starting async load of XPI database C:\Users\DHEALT~1\AppData\Local\Temp\anonymous889190335695986634webdriver-profile\extensions.json
1661090925604	addons.xpi	DEBUG	Registering manifest for C:\Program Files\Mozilla Firefox\browser\features\loop@mozilla.org.xpi
1661090925605	addons.xpi	DEBUG	Loading bootstrap scope from C:\Program Files\Mozilla Firefox\browser\features\loop@mozilla.org.xpi
1661090925610	addons.xpi	DEBUG	Calling bootstrap method startup on loop@mozilla.org version 1.2.6
1661090925627	addons.manager	DEBUG	Registering shutdown blocker for XPIProvider
1661090925627	addons.manager	DEBUG	Provider finished startup: XPIProvider
1661090925627	addons.manager	DEBUG	Starting provider: LightweightThemeManager
1661090925627	addons.manager	DEBUG	Registering shutdown blocker for LightweightThemeManager
1661090925627	addons.manager	DEBUG	Provider finished startup: LightweightThemeManager
1661090925627	addons.manager	DEBUG	Starting provider: GMPProvider
1661090925632	addons.manager	DEBUG	Registering shutdown blocker for GMPProvider
1661090925632	addons.manager	DEBUG	Provider finished startup: GMPProvider
1661090925632	addons.manager	DEBUG	Starting provider: PluginProvider
1661090925632	addons.manager	DEBUG	Registering shutdown blocker for PluginProvider
1661090925632	addons.manager	DEBUG	Provider finished startup: PluginProvider
1661090925633	addons.manager	DEBUG	Completed startup sequence
[GFX1]: Potential driver version mismatch ignored due to missing DLLs
1661090925889	addons.xpi-utils	DEBUG	Async JSON file read took 0 MS
1661090925889	addons.xpi-utils	DEBUG	Finished async read of XPI database, parsing...
1661090925890	addons.xpi-utils	DEBUG	Successfully read XPI database
1661090925899	addons.manager	DEBUG	Starting provider: &lt;unnamed-provider&gt;
1661090925899	addons.manager	DEBUG	Registering shutdown blocker for &lt;unnamed-provider&gt;
1661090925899	addons.manager	DEBUG	Provider finished startup: &lt;unnamed-provider&gt;
*** Blocklist::_loadBlocklistFromFile: blocklist is disabled
1661090925982	addons.manager	DEBUG	Starting provider: PreviousExperimentProvider
1661090925982	addons.manager	DEBUG	Registering shutdown blocker for PreviousExperimentProvider
1661090925982	addons.manager	DEBUG	Provider finished startup: PreviousExperimentProvider
JavaScript error: https://static-media-prod-cdn.itsre-sumo.mozilla.net/static/jsi18n/en-us/djangojs-min.js, line 1: SyntaxError: missing = in const declaration
JavaScript warning: https://static-media-prod-cdn.itsre-sumo.mozilla.net/static/474.767bb9829e871c1f.js, line 2: mutating the [[Prototype]] of an object will cause your code to run very slowly; instead create the object with the correct initial [[Prototype]] value using Object.create
JavaScript error: https://static-media-prod-cdn.itsre-sumo.mozilla.net/static/common.0a3beb1cf5e4d965.js, line 1: TypeError: t.forEach is not a function
JavaScript error: https://static-media-prod-cdn.itsre-sumo.mozilla.net/static/common.0a3beb1cf5e4d965.js, line 1: TypeError: o.forEach is not a function
JavaScript error: https://static-media-prod-cdn.itsre-sumo.mozilla.net/static/common.0a3beb1cf5e4d965.js, line 1: TypeError: n.forEach is not a function
JavaScript error: https://static-media-prod-cdn.itsre-sumo.mozilla.net/static/common.0a3beb1cf5e4d965.js, line 1: TypeError: e.forEach is not a function
JavaScript error: https://static-media-prod-cdn.itsre-sumo.mozilla.net/static/common.0a3beb1cf5e4d965.js, line 1: TypeError: document.querySelectorAll(...).forEach is not a function
JavaScript warning: https://www.youtube.com/s/player/009f1d77/www-embed-player.vflset/www-embed-player.js, line 29: mutating the [[Prototype]] of an object will cause your code to run very slowly; instead create the object with the correct initial [[Prototype]] value using Object.create
JavaScript error: https://static-media-prod-cdn.itsre-sumo.mozilla.net/static/697.8c0417e8bbc4b10c.js, line 1: TypeError: i is undefined

	at org.openqa.selenium.firefox.internal.NewProfileExtensionConnection.start(NewProfileExtensionConnection.java:118)
	... 31 more
</pre></div></td>
<td>0</td>
<td>example.NewTest@6150c3ec</td></tr>
</table><p>
</body>
</html>